<?xml version="1.0" encoding="UTF-8"?>
<testsuites>
  <testsuite name="tests/Unit" tests="1" assertions="1" errors="0" warnings="0" failures="0" skipped="0" time="0.003004">
    <testsuite name="Tests\Unit\ExampleTest" file="/code-is-nasdaq-open-now/tests/Unit/ExampleTest.php" tests="1" assertions="1" errors="0" warnings="0" failures="0" skipped="0" time="0.003004">
      <testcase name="testBasicTest" class="Tests\Unit\ExampleTest" classname="Tests.Unit.ExampleTest" file="/code-is-nasdaq-open-now/tests/Unit/ExampleTest.php" line="14" assertions="1" time="0.003004"/>
    </testsuite>
  </testsuite>
</testsuites>
